{"/Users/tarasbohdan/Desktop/projects/hw1-se-school_2022-code-review-Dichik/helpers/emailHelper.js": {"path":"/Users/tarasbohdan/Desktop/projects/hw1-se-school_2022-code-review-Dichik/helpers/emailHelper.js","statementMap":{"0":{"start":{"line":1,"column":15},"end":{"line":12,"column":1}},"1":{"start":{"line":3,"column":19},"end":{"line":3,"column":68}},"2":{"start":{"line":4,"column":2},"end":{"line":4,"column":48}},"3":{"start":{"line":7,"column":2},"end":{"line":9,"column":3}},"4":{"start":{"line":7,"column":14},"end":{"line":7,"column":15}},"5":{"start":{"line":8,"column":3},"end":{"line":8,"column":46}},"6":{"start":{"line":8,"column":35},"end":{"line":8,"column":46}},"7":{"start":{"line":10,"column":2},"end":{"line":10,"column":14}},"8":{"start":{"line":14,"column":0},"end":{"line":14,"column":23}}},"fnMap":{"0":{"name":"(anonymous_0)","decl":{"start":{"line":2,"column":1},"end":{"line":2,"column":2}},"loc":{"start":{"line":2,"column":29},"end":{"line":5,"column":2}},"line":2},"1":{"name":"(anonymous_1)","decl":{"start":{"line":6,"column":1},"end":{"line":6,"column":2}},"loc":{"start":{"line":6,"column":41},"end":{"line":11,"column":2}},"line":6}},"branchMap":{"0":{"loc":{"start":{"line":8,"column":3},"end":{"line":8,"column":46}},"type":"if","locations":[{"start":{"line":8,"column":3},"end":{"line":8,"column":46}},{"start":{},"end":{}}],"line":8}},"s":{"0":1,"1":3,"2":3,"3":2,"4":2,"5":4,"6":1,"7":1,"8":1},"f":{"0":3,"1":2},"b":{"0":[1,3]},"_coverageSchema":"1a1c01bbd47fc00a2c39e90264f33305004495a9","hash":"304f41a97d8eb038564eb628710cbea6e1257da9"}
,"/Users/tarasbohdan/Desktop/projects/hw1-se-school_2022-code-review-Dichik/services/input_output/fileReaderService.js": {"path":"/Users/tarasbohdan/Desktop/projects/hw1-se-school_2022-code-review-Dichik/services/input_output/fileReaderService.js","statementMap":{"0":{"start":{"line":1,"column":11},"end":{"line":1,"column":24}},"1":{"start":{"line":3,"column":0},"end":{"line":17,"column":1}},"2":{"start":{"line":4,"column":1},"end":{"line":16,"column":2}},"3":{"start":{"line":8,"column":3},"end":{"line":13,"column":4}},"4":{"start":{"line":9,"column":4},"end":{"line":11,"column":5}},"5":{"start":{"line":12,"column":4},"end":{"line":12,"column":29}},"6":{"start":{"line":14,"column":3},"end":{"line":14,"column":14}}},"fnMap":{"0":{"name":"(anonymous_0)","decl":{"start":{"line":3,"column":17},"end":{"line":3,"column":18}},"loc":{"start":{"line":3,"column":39},"end":{"line":17,"column":1}},"line":3},"1":{"name":"readFileCallback","decl":{"start":{"line":7,"column":11},"end":{"line":7,"column":27}},"loc":{"start":{"line":7,"column":41},"end":{"line":15,"column":3}},"line":7}},"branchMap":{"0":{"loc":{"start":{"line":8,"column":3},"end":{"line":13,"column":4}},"type":"if","locations":[{"start":{"line":8,"column":3},"end":{"line":13,"column":4}},{"start":{},"end":{}}],"line":8}},"s":{"0":1,"1":1,"2":1,"3":0,"4":0,"5":0,"6":0},"f":{"0":1,"1":0},"b":{"0":[0,0]},"_coverageSchema":"1a1c01bbd47fc00a2c39e90264f33305004495a9","hash":"182a13b88bfb37480f0b44e437d76045e5d9b00c"}
}
